<?xml version="1.0" encoding="UTF-8"?>
<!-- Generated by org.testng.reporters.JUnitReportReporter -->
<testsuite hostname="DESKTOP-CG51U2J" failures="0" tests="1" name="testCases.TC001_AccountRegistrationTest" time="5.804" errors="0" timestamp="2024-09-09T14:22:14 IST" skipped="0">
  <testcase classname="testCases.TC001_AccountRegistrationTest" name="verify_account_registration" time="5.804"/>
</testsuite> <!-- testCases.TC001_AccountRegistrationTest -->
