<?xml version="1.0" encoding="UTF-8"?>
<!-- Generated by org.testng.reporters.JUnitReportReporter -->
<testsuite hostname="DESKTOP-CG51U2J" failures="0" tests="1" name="testCases.TC002_LoginTest" time="4.635" errors="0" timestamp="2024-09-09T14:22:14 IST" skipped="0">
  <testcase classname="testCases.TC002_LoginTest" name="verify_login" time="4.635"/>
</testsuite> <!-- testCases.TC002_LoginTest -->
